<?xml version="1.0" encoding="UTF-8"?>
<testsuite xmlns:xsi="http://www.w3.org/2001/XMLSchema-instance" xsi:noNamespaceSchemaLocation="https://maven.apache.org/surefire/maven-surefire-plugin/xsd/surefire-test-report-3.0.xsd" version="3.0" name="br.inatel.cdg.jogos.TesteCompradeJogos" time="0.077" tests="4" errors="0" skipped="0" failures="0">
  <properties>
[...]
</properties>
  <testcase name="testSomaNegativo" classname="br.inatel.cdg.jogos.TesteCompradeJogos" time="0.006"/>
  <testcase name="testSomaTotalCompra" classname="br.inatel.cdg.jogos.TesteCompradeJogos" time="0"/>
  <testcase name="testIntegracaoDesconto" classname="br.inatel.cdg.jogos.TesteCompradeJogos" time="0"/>
  <testcase name="testSomaTotalQtd" classname="br.inatel.cdg.jogos.TesteCompradeJogos" time="0"/>
</testsuite>